Build started 04/10/2017 10:50:57.
Search paths being used for $(MSBuildExtensionsPath) are C:\Program Files (x86)\Microsoft Visual Studio\2017\Professional\MSBuild;$(MSBuildProgramFiles32)\MSBuild
Trying to import C:\Program Files (x86)\Microsoft Visual Studio\2017\Professional\MSBuild\Micro Focus\Visual COBOL\v1.0\MicroFocus.COBOL.targets using extensions path C:\Program Files (x86)\Microsoft Visual Studio\2017\Professional\MSBuild
Trying to import C:\Program Files (x86)\MSBuild\Micro Focus\Visual COBOL\v1.0\MicroFocus.COBOL.targets using extensions path C:\Program Files (x86)\MSBuild
Search paths being used for $(MSBuildExtensionsPath) are C:\Program Files (x86)\Microsoft Visual Studio\2017\Professional\MSBuild;$(MSBuildProgramFiles32)\MSBuild
Trying to import C:\Program Files (x86)\Microsoft Visual Studio\2017\Professional\MSBuild\$(MSBuildToolsVersion)\Microsoft.Common.props using extensions path C:\Program Files (x86)\Microsoft Visual Studio\2017\Professional\MSBuild
Property reassignment: $(MSBuildProjectExtensionsPath)="C:\github\AirportDemo\AirportLib\obj\" (previous value: "obj\") at C:\Program Files (x86)\Microsoft Visual Studio\2017\Professional\MSBuild\15.0\Microsoft.Common.props (58,5)
Search paths being used for $(MSBuildExtensionsPath) are C:\Program Files (x86)\Microsoft Visual Studio\2017\Professional\MSBuild;$(MSBuildProgramFiles32)\MSBuild
Trying to import C:\Program Files (x86)\Microsoft Visual Studio\2017\Professional\MSBuild\$(MSBuildToolsVersion)\Imports\Microsoft.Common.props\ImportBefore\* using extensions path C:\Program Files (x86)\Microsoft Visual Studio\2017\Professional\MSBuild
Search paths being used for $(MSBuildExtensionsPath) are C:\Program Files (x86)\Microsoft Visual Studio\2017\Professional\MSBuild;$(MSBuildProgramFiles32)\MSBuild
Search paths being used for $(MSBuildExtensionsPath) are C:\Program Files (x86)\Microsoft Visual Studio\2017\Professional\MSBuild;$(MSBuildProgramFiles32)\MSBuild
Search paths being used for $(MSBuildExtensionsPath) are C:\Program Files (x86)\Microsoft Visual Studio\2017\Professional\MSBuild;$(MSBuildProgramFiles32)\MSBuild
Search paths being used for $(MSBuildExtensionsPath) are C:\Program Files (x86)\Microsoft Visual Studio\2017\Professional\MSBuild;$(MSBuildProgramFiles32)\MSBuild
Property reassignment: $(OutputPath)="..\bin\" (previous value: "..\bin") at C:\Program Files (x86)\Microsoft Visual Studio\2017\Professional\MSBuild\15.0\bin\Microsoft.Common.CurrentVersion.targets (124,5)
Property reassignment: $(_DebugSymbolsProduced)="true" (previous value: "false") at C:\Program Files (x86)\Microsoft Visual Studio\2017\Professional\MSBuild\15.0\bin\Microsoft.Common.CurrentVersion.targets (146,5)
Property reassignment: $(_DocumentationFileProduced)="false" (previous value: "true") at C:\Program Files (x86)\Microsoft Visual Studio\2017\Professional\MSBuild\15.0\bin\Microsoft.Common.CurrentVersion.targets (155,5)
Property reassignment: $(DelaySign)="" (previous value: "false") at C:\Program Files (x86)\Microsoft Visual Studio\2017\Professional\MSBuild\15.0\bin\Microsoft.Common.CurrentVersion.targets (521,5)
Property reassignment: $(MSBuildAllProjects)=";C:\Program Files (x86)\Microsoft Visual Studio\2017\Professional\MSBuild\Micro Focus\Visual COBOL\V1.0\MicroFocus.Cobol.targets;C:\github\AirportDemo\AirportLib\AirportLib.cblproj;C:\Program Files (x86)\Microsoft Visual Studio\2017\Professional\MSBuild\15.0\bin\Microsoft.Common.CurrentVersion.targets" (previous value: ";C:\Program Files (x86)\Microsoft Visual Studio\2017\Professional\MSBuild\Micro Focus\Visual COBOL\V1.0\MicroFocus.Cobol.targets") at C:\Program Files (x86)\Microsoft Visual Studio\2017\Professional\MSBuild\15.0\bin\Microsoft.Common.CurrentVersion.targets (532,5)
Property reassignment: $(_SGenGenerateSerializationAssembliesConfig)="Auto" (previous value: "") at C:\Program Files (x86)\Microsoft Visual Studio\2017\Professional\MSBuild\15.0\bin\Microsoft.Common.CurrentVersion.targets (3375,5)
Property reassignment: $(_SGenGenerateSerializationAssembliesConfig)="Off" (previous value: "Auto") at C:\Program Files (x86)\Microsoft Visual Studio\2017\Professional\MSBuild\15.0\bin\Microsoft.Common.CurrentVersion.targets (3376,5)
Property reassignment: $(PrepareResourcesDependsOn)="
      XamlMarkupCompilePass1;
      XamlMarkupCompilePass2;
      
      PrepareResourceNames;
      ResGen;
      CompileLicxFiles
     
    " (previous value: "
      PrepareResourceNames;
      ResGen;
      CompileLicxFiles
    ") at C:\Windows\Microsoft.NET\Framework\v4.0.30319\Microsoft.Xaml.targets (35,5)
Property reassignment: $(MSBuildAllProjects)=";C:\Program Files (x86)\Microsoft Visual Studio\2017\Professional\MSBuild\Micro Focus\Visual COBOL\V1.0\MicroFocus.Cobol.targets;C:\github\AirportDemo\AirportLib\AirportLib.cblproj;C:\Program Files (x86)\Microsoft Visual Studio\2017\Professional\MSBuild\15.0\bin\Microsoft.Common.CurrentVersion.targets;C:\Program Files (x86)\Microsoft Visual Studio\2017\Professional\MSBuild\15.0\bin\Microsoft.Xaml.targets" (previous value: ";C:\Program Files (x86)\Microsoft Visual Studio\2017\Professional\MSBuild\Micro Focus\Visual COBOL\V1.0\MicroFocus.Cobol.targets;C:\github\AirportDemo\AirportLib\AirportLib.cblproj;C:\Program Files (x86)\Microsoft Visual Studio\2017\Professional\MSBuild\15.0\bin\Microsoft.Common.CurrentVersion.targets") at C:\Windows\Microsoft.NET\Framework\v4.0.30319\Microsoft.Xaml.targets (48,5)
Property reassignment: $(ResolveReferencesDependsOn)="
      
      BeforeResolveReferences;
      AssignProjectConfiguration;
      ResolveProjectReferences;
      FindInvalidProjectReferences;
      ResolveNativeReferences;
      ResolveAssemblyReferences;
      GenerateBindingRedirects;
      ResolveComReferences;
      AfterResolveReferences
    ;
      ResolveTestReferences
    " (previous value: "
      BeforeResolveReferences;
      AssignProjectConfiguration;
      ResolveProjectReferences;
      FindInvalidProjectReferences;
      ResolveNativeReferences;
      ResolveAssemblyReferences;
      GenerateBindingRedirects;
      ResolveComReferences;
      AfterResolveReferences
    ") at C:\Program Files (x86)\Microsoft Visual Studio\2017\Professional\MSBuild\Microsoft\VisualStudio\v15.0\TeamTest\Microsoft.TeamTest.targets (4,5)
Search paths being used for $(MSBuildExtensionsPath) are C:\Program Files (x86)\Microsoft Visual Studio\2017\Professional\MSBuild;$(MSBuildProgramFiles32)\MSBuild
Trying to import C:\Program Files (x86)\Microsoft Visual Studio\2017\Professional\MSBuild\$(MSBuildToolsVersion)\Microsoft.Common.targets\ImportAfter\* using extensions path C:\Program Files (x86)\Microsoft Visual Studio\2017\Professional\MSBuild
Property reassignment: $(MSBuildAllProjects)=";C:\Program Files (x86)\Microsoft Visual Studio\2017\Professional\MSBuild\Micro Focus\Visual COBOL\V1.0\MicroFocus.Cobol.targets;C:\github\AirportDemo\AirportLib\AirportLib.cblproj;C:\Program Files (x86)\Microsoft Visual Studio\2017\Professional\MSBuild\15.0\bin\Microsoft.Common.CurrentVersion.targets;C:\Program Files (x86)\Microsoft Visual Studio\2017\Professional\MSBuild\15.0\bin\Microsoft.Xaml.targets;C:\Program Files (x86)\Microsoft Visual Studio\2017\Professional\MSBuild\15.0\Microsoft.Common.targets\ImportAfter\Microsoft.NET.Build.Extensions.targets" (previous value: ";C:\Program Files (x86)\Microsoft Visual Studio\2017\Professional\MSBuild\Micro Focus\Visual COBOL\V1.0\MicroFocus.Cobol.targets;C:\github\AirportDemo\AirportLib\AirportLib.cblproj;C:\Program Files (x86)\Microsoft Visual Studio\2017\Professional\MSBuild\15.0\bin\Microsoft.Common.CurrentVersion.targets;C:\Program Files (x86)\Microsoft Visual Studio\2017\Professional\MSBuild\15.0\bin\Microsoft.Xaml.targets") at C:\Program Files (x86)\Microsoft Visual Studio\2017\Professional\MSBuild\15.0\Microsoft.Common.targets\ImportAfter\Microsoft.NET.Build.Extensions.targets (14,5)
Property reassignment: $(MSBuildAllProjects)=";C:\Program Files (x86)\Microsoft Visual Studio\2017\Professional\MSBuild\Micro Focus\Visual COBOL\V1.0\MicroFocus.Cobol.targets;C:\github\AirportDemo\AirportLib\AirportLib.cblproj;C:\Program Files (x86)\Microsoft Visual Studio\2017\Professional\MSBuild\15.0\bin\Microsoft.Common.CurrentVersion.targets;C:\Program Files (x86)\Microsoft Visual Studio\2017\Professional\MSBuild\15.0\bin\Microsoft.Xaml.targets;C:\Program Files (x86)\Microsoft Visual Studio\2017\Professional\MSBuild\15.0\Microsoft.Common.targets\ImportAfter\Microsoft.NET.Build.Extensions.targets;C:\Program Files (x86)\Microsoft Visual Studio\2017\Professional\MSBuild\Microsoft\Microsoft.NET.Build.Extensions\Microsoft.NET.Build.Extensions.targets" (previous value: ";C:\Program Files (x86)\Microsoft Visual Studio\2017\Professional\MSBuild\Micro Focus\Visual COBOL\V1.0\MicroFocus.Cobol.targets;C:\github\AirportDemo\AirportLib\AirportLib.cblproj;C:\Program Files (x86)\Microsoft Visual Studio\2017\Professional\MSBuild\15.0\bin\Microsoft.Common.CurrentVersion.targets;C:\Program Files (x86)\Microsoft Visual Studio\2017\Professional\MSBuild\15.0\bin\Microsoft.Xaml.targets;C:\Program Files (x86)\Microsoft Visual Studio\2017\Professional\MSBuild\15.0\Microsoft.Common.targets\ImportAfter\Microsoft.NET.Build.Extensions.targets") at C:\Program Files (x86)\Microsoft Visual Studio\2017\Professional\MSBuild\Microsoft\Microsoft.NET.Build.Extensions\Microsoft.NET.Build.Extensions.targets (15,5)
Property reassignment: $(MSBuildAllProjects)=";C:\Program Files (x86)\Microsoft Visual Studio\2017\Professional\MSBuild\Micro Focus\Visual COBOL\V1.0\MicroFocus.Cobol.targets;C:\github\AirportDemo\AirportLib\AirportLib.cblproj;C:\Program Files (x86)\Microsoft Visual Studio\2017\Professional\MSBuild\15.0\bin\Microsoft.Common.CurrentVersion.targets;C:\Program Files (x86)\Microsoft Visual Studio\2017\Professional\MSBuild\15.0\bin\Microsoft.Xaml.targets;C:\Program Files (x86)\Microsoft Visual Studio\2017\Professional\MSBuild\15.0\Microsoft.Common.targets\ImportAfter\Microsoft.NET.Build.Extensions.targets;C:\Program Files (x86)\Microsoft Visual Studio\2017\Professional\MSBuild\Microsoft\Microsoft.NET.Build.Extensions\Microsoft.NET.Build.Extensions.targets;C:\Program Files (x86)\Microsoft Visual Studio\2017\Professional\MSBuild\Microsoft\NuGet\15.0\Microsoft.NuGet.targets" (previous value: ";C:\Program Files (x86)\Microsoft Visual Studio\2017\Professional\MSBuild\Micro Focus\Visual COBOL\V1.0\MicroFocus.Cobol.targets;C:\github\AirportDemo\AirportLib\AirportLib.cblproj;C:\Program Files (x86)\Microsoft Visual Studio\2017\Professional\MSBuild\15.0\bin\Microsoft.Common.CurrentVersion.targets;C:\Program Files (x86)\Microsoft Visual Studio\2017\Professional\MSBuild\15.0\bin\Microsoft.Xaml.targets;C:\Program Files (x86)\Microsoft Visual Studio\2017\Professional\MSBuild\15.0\Microsoft.Common.targets\ImportAfter\Microsoft.NET.Build.Extensions.targets;C:\Program Files (x86)\Microsoft Visual Studio\2017\Professional\MSBuild\Microsoft\Microsoft.NET.Build.Extensions\Microsoft.NET.Build.Extensions.targets") at C:\Program Files (x86)\Microsoft Visual Studio\2017\Professional\MSBuild\Microsoft\NuGet\15.0\Microsoft.NuGet.targets (67,5)
Property reassignment: $(ResolveAssemblyReferencesDependsOn)="
      GetFrameworkPaths;
      GetReferenceAssemblyPaths;
      PrepareForBuild;
      ResolveSDKReferences;
      ExpandSDKReferences;
    ;ResolveNuGetPackageAssets" (previous value: "
      GetFrameworkPaths;
      GetReferenceAssemblyPaths;
      PrepareForBuild;
      ResolveSDKReferences;
      ExpandSDKReferences;
    ") at C:\Program Files (x86)\Microsoft Visual Studio\2017\Professional\MSBuild\Microsoft\NuGet\15.0\Microsoft.NuGet.targets (165,5)
Property reassignment: $(PrepareResourcesDependsOn)="ResolveNuGetPackageAssets;
      XamlMarkupCompilePass1;
      XamlMarkupCompilePass2;
      
      PrepareResourceNames;
      ResGen;
      CompileLicxFiles
     
    " (previous value: "
      XamlMarkupCompilePass1;
      XamlMarkupCompilePass2;
      
      PrepareResourceNames;
      ResGen;
      CompileLicxFiles
     
    ") at C:\Program Files (x86)\Microsoft Visual Studio\2017\Professional\MSBuild\Microsoft\NuGet\15.0\Microsoft.NuGet.targets (166,5)
Property reassignment: $(MSBuildAllProjects)=";C:\Program Files (x86)\Microsoft Visual Studio\2017\Professional\MSBuild\Micro Focus\Visual COBOL\V1.0\MicroFocus.Cobol.targets;C:\github\AirportDemo\AirportLib\AirportLib.cblproj;C:\Program Files (x86)\Microsoft Visual Studio\2017\Professional\MSBuild\15.0\bin\Microsoft.Common.CurrentVersion.targets;C:\Program Files (x86)\Microsoft Visual Studio\2017\Professional\MSBuild\15.0\bin\Microsoft.Xaml.targets;C:\Program Files (x86)\Microsoft Visual Studio\2017\Professional\MSBuild\15.0\Microsoft.Common.targets\ImportAfter\Microsoft.NET.Build.Extensions.targets;C:\Program Files (x86)\Microsoft Visual Studio\2017\Professional\MSBuild\Microsoft\Microsoft.NET.Build.Extensions\Microsoft.NET.Build.Extensions.targets;C:\Program Files (x86)\Microsoft Visual Studio\2017\Professional\MSBuild\Microsoft\NuGet\15.0\Microsoft.NuGet.targets;C:\Program Files (x86)\Microsoft Visual Studio\2017\Professional\Common7\IDE\CommonExtensions\Microsoft\NuGet\NuGet.targets" (previous value: ";C:\Program Files (x86)\Microsoft Visual Studio\2017\Professional\MSBuild\Micro Focus\Visual COBOL\V1.0\MicroFocus.Cobol.targets;C:\github\AirportDemo\AirportLib\AirportLib.cblproj;C:\Program Files (x86)\Microsoft Visual Studio\2017\Professional\MSBuild\15.0\bin\Microsoft.Common.CurrentVersion.targets;C:\Program Files (x86)\Microsoft Visual Studio\2017\Professional\MSBuild\15.0\bin\Microsoft.Xaml.targets;C:\Program Files (x86)\Microsoft Visual Studio\2017\Professional\MSBuild\15.0\Microsoft.Common.targets\ImportAfter\Microsoft.NET.Build.Extensions.targets;C:\Program Files (x86)\Microsoft Visual Studio\2017\Professional\MSBuild\Microsoft\Microsoft.NET.Build.Extensions\Microsoft.NET.Build.Extensions.targets;C:\Program Files (x86)\Microsoft Visual Studio\2017\Professional\MSBuild\Microsoft\NuGet\15.0\Microsoft.NuGet.targets") at C:\Program Files (x86)\Microsoft Visual Studio\2017\Professional\Common7\IDE\CommonExtensions\Microsoft\NuGet\NuGet.targets (45,5)
Property reassignment: $(ResolveReferencesDependsOn)="
            BeforeResolveReferences;
            AssignProjectConfiguration;
            ResolveProjectReferences;
            AssignNativeReferences;
            ResolveNativeReferences;
            ResolveAssemblyReferences;
            ResolveComReferences;
            AfterResolveReferences
        " (previous value: "
      
      BeforeResolveReferences;
      AssignProjectConfiguration;
      ResolveProjectReferences;
      FindInvalidProjectReferences;
      ResolveNativeReferences;
      ResolveAssemblyReferences;
      GenerateBindingRedirects;
      ResolveComReferences;
      AfterResolveReferences
    ;
      ResolveTestReferences
    ") at C:\Program Files (x86)\MSBuild\Micro Focus\Visual COBOL\v1.0\MicroFocus.COBOL.targets (458,9)
Property reassignment: $(CleanDependsOn)="
            
      BeforeClean;
      UnmanagedUnregistration;
      CoreClean;
      CleanReferencedProjects;
      CleanPublishFolder;
      AfterClean
    ;
            CleanTLogFiles;
            CleanAnalysisFiles;
            CleanUnmanaged;
            CleanListingFiles
        " (previous value: "
      BeforeClean;
      UnmanagedUnregistration;
      CoreClean;
      CleanReferencedProjects;
      CleanPublishFolder;
      AfterClean
    ") at C:\Program Files (x86)\MSBuild\Micro Focus\Visual COBOL\v1.0\MicroFocus.COBOL.targets (479,9)
Property reassignment: $(CompileDependsOn)="
            ResolveReferences;
            ResolveKeySource;
            GetGenericConfig;
            BeforeCompile;
            _TimeStampBeforeCompile;
            CoreCompile;
            Linker;
            _TimeStampAfterCompile;
            AfterCompile;
        " (previous value: "
      ResolveReferences;
      ResolveKeySource;
      SetWin32ManifestProperties;
      FindReferenceAssembliesForReferences;
      _GenerateCompileInputs;
      BeforeCompile;
      _TimeStampBeforeCompile;
      _GenerateCompileDependencyCache;
      CoreCompile;
      _TimeStampAfterCompile;
      AfterCompile;
    ") at C:\Program Files (x86)\MSBuild\Micro Focus\Visual COBOL\v1.0\MicroFocus.COBOL.targets (893,9)
Search paths being used for $(MSBuildExtensionsPath) are C:\Program Files (x86)\Microsoft Visual Studio\2017\Professional\MSBuild;$(MSBuildProgramFiles32)\MSBuild
Search paths being used for $(MSBuildExtensionsPath) are C:\Program Files (x86)\Microsoft Visual Studio\2017\Professional\MSBuild;$(MSBuildProgramFiles32)\MSBuild
Trying to import C:\Program Files (x86)\MSBuild\Micro Focus\Visual COBOL\V1.0\MicroFocus.CodeAnalysis.targets using extensions path C:\Program Files (x86)\MSBuild
Search paths being used for $(MSBuildExtensionsPath) are C:\Program Files (x86)\Microsoft Visual Studio\2017\Professional\MSBuild;$(MSBuildProgramFiles32)\MSBuild
Overriding target "Clean" in project "C:\Program Files (x86)\MSBuild\Micro Focus\Visual COBOL\v1.0\MicroFocus.COBOL.targets" with target "Clean" from project "C:\Program Files (x86)\Microsoft Visual Studio\2017\Professional\MSBuild\15.0\bin\Microsoft.Common.CurrentVersion.targets".
Project "C:\github\AirportDemo\AirportLib\AirportLib.cblproj" on node 1 (default targets).
Building with tools version "15.0".
Project file contains ToolsVersion="4.0". This toolset may be unknown or missing, in which case you may be able to resolve this by installing the appropriate version of MSBuild, or the build may have been forced to a particular ToolsVersion for policy reasons. Treating the project as if it had ToolsVersion="15.0". For more information, please see http://go.microsoft.com/fwlink/?LinkId=293424.
Target "_CheckForInvalidConfigurationAndPlatform" in file "C:\Program Files (x86)\Microsoft Visual Studio\2017\Professional\MSBuild\15.0\bin\Microsoft.Common.CurrentVersion.targets" from project "C:\github\AirportDemo\AirportLib\AirportLib.cblproj" (target "BeforeBuild" depends on it):
Task "Error" skipped, due to false condition; ( '$(_InvalidConfigurationError)' == 'true' ) was evaluated as ( '' == 'true' ).
Task "Warning" skipped, due to false condition; ( '$(_InvalidConfigurationWarning)' == 'true' ) was evaluated as ( '' == 'true' ).
Using "Message" task from assembly "Microsoft.Build.Tasks.Core, Version=15.1.0.0, Culture=neutral, PublicKeyToken=b03f5f7f11d50a3a".
Task "Message"
  Configuration=Debug
Done executing task "Message".
Task "Message"
  Platform=x86
Done executing task "Message".
Task "Error" skipped, due to false condition; ('$(OutDir)' != '' and !HasTrailingSlash('$(OutDir)')) was evaluated as ('..\bin\' != '' and !HasTrailingSlash('..\bin\')).
Task "Error" skipped, due to false condition; ('$(BaseIntermediateOutputPath)' != '' and !HasTrailingSlash('$(BaseIntermediateOutputPath)')) was evaluated as ('obj\' != '' and !HasTrailingSlash('obj\')).
Task "Error" skipped, due to false condition; ('$(IntermediateOutputPath)' != '' and !HasTrailingSlash('$(IntermediateOutputPath)')) was evaluated as ('obj\x86\Debug\' != '' and !HasTrailingSlash('obj\x86\Debug\')).
Done building target "_CheckForInvalidConfigurationAndPlatform" in project "AirportLib.cblproj".
Target "BeforeBuild" in file "C:\Program Files (x86)\Microsoft Visual Studio\2017\Professional\MSBuild\15.0\bin\Microsoft.Common.CurrentVersion.targets" from project "C:\github\AirportDemo\AirportLib\AirportLib.cblproj" (target "Build" depends on it):
Done building target "BeforeBuild" in project "AirportLib.cblproj".
Target "BuildOnlySettings" in file "C:\Program Files (x86)\Microsoft Visual Studio\2017\Professional\MSBuild\15.0\bin\Microsoft.Common.CurrentVersion.targets" from project "C:\github\AirportDemo\AirportLib\AirportLib.cblproj" (target "CoreBuild" depends on it):
Done building target "BuildOnlySettings" in project "AirportLib.cblproj".
Target "GetFrameworkPaths" in file "C:\Program Files (x86)\Microsoft Visual Studio\2017\Professional\MSBuild\15.0\bin\Microsoft.Common.CurrentVersion.targets" from project "C:\github\AirportDemo\AirportLib\AirportLib.cblproj" (target "PrepareForBuild" depends on it):
Done building target "GetFrameworkPaths" in project "AirportLib.cblproj".
Target "GetReferenceAssemblyPaths" in file "C:\Program Files (x86)\Microsoft Visual Studio\2017\Professional\MSBuild\15.0\bin\Microsoft.Common.CurrentVersion.targets" from project "C:\github\AirportDemo\AirportLib\AirportLib.cblproj" (target "PrepareForBuild" depends on it):
Task "GetReferenceAssemblyPaths" skipped, due to false condition; ('$(TargetFrameworkMoniker)' != '' and ('$(_TargetFrameworkDirectories)' == '' or '$(_FullFrameworkReferenceAssemblyPaths)' == '')) was evaluated as ('' != '' and ('' == '' or '' == '')).
Done building target "GetReferenceAssemblyPaths" in project "AirportLib.cblproj".
Target "AssignLinkMetadata" skipped, due to false condition; ( '$(SynthesizeLinkMetadata)' == 'true' ) was evaluated as ( '' == 'true' ).
Target "PrepareForBuild" in file "C:\Program Files (x86)\Microsoft Visual Studio\2017\Professional\MSBuild\15.0\bin\Microsoft.Common.CurrentVersion.targets" from project "C:\github\AirportDemo\AirportLib\AirportLib.cblproj" (target "CoreBuild" depends on it):
Using "FindAppConfigFile" task from assembly "Microsoft.Build.Tasks.Core, Version=15.1.0.0, Culture=neutral, PublicKeyToken=b03f5f7f11d50a3a".
Task "FindAppConfigFile"
Done executing task "FindAppConfigFile".
Using "MakeDir" task from assembly "Microsoft.Build.Tasks.Core, Version=15.1.0.0, Culture=neutral, PublicKeyToken=b03f5f7f11d50a3a".
Task "MakeDir"
Done executing task "MakeDir".
Done building target "PrepareForBuild" in project "AirportLib.cblproj".
Target "PreBuildEvent" skipped, due to false condition; ('$(PreBuildEvent)'!='') was evaluated as (''!='').
Target "BeforeResolveReferences" in file "C:\Program Files (x86)\Microsoft Visual Studio\2017\Professional\MSBuild\15.0\bin\Microsoft.Common.CurrentVersion.targets" from project "C:\github\AirportDemo\AirportLib\AirportLib.cblproj" (target "ResolveReferences" depends on it):
Done building target "BeforeResolveReferences" in project "AirportLib.cblproj".
Target "AssignProjectConfiguration" skipped, due to false condition; ('$(CurrentSolutionConfigurationContents)' != '' or '@(ProjectReference)'!='') was evaluated as ('' != '' or ''!='').
Target "AssignProjectConfiguration" skipped, due to false condition; ('$(CurrentSolutionConfigurationContents)' != '' or '@(ProjectReference)'!='') was evaluated as ('' != '' or ''!='').
Target "_SplitProjectReferencesByFileExistence" in file "C:\Program Files (x86)\Microsoft Visual Studio\2017\Professional\MSBuild\15.0\bin\Microsoft.Common.CurrentVersion.targets" from project "C:\github\AirportDemo\AirportLib\AirportLib.cblproj" (target "PrepareProjectReferences" depends on it):
Task "ResolveNonMSBuildProjectOutput" skipped, due to false condition; ('$(BuildingInsideVisualStudio)'=='true' and '@(ProjectReferenceWithConfiguration)'!='') was evaluated as (''=='true' and ''!='').
Done building target "_SplitProjectReferencesByFileExistence" in project "AirportLib.cblproj".
Target "_GetProjectReferenceTargetFrameworkProperties" in file "C:\Program Files (x86)\Microsoft Visual Studio\2017\Professional\MSBuild\15.0\bin\Microsoft.Common.CurrentVersion.targets" from project "C:\github\AirportDemo\AirportLib\AirportLib.cblproj" (target "PrepareProjectReferences" depends on it):
Using "MSBuild" task from assembly "Microsoft.Build.Tasks.Core, Version=15.1.0.0, Culture=neutral, PublicKeyToken=b03f5f7f11d50a3a".
Task "MSBuild"
Done executing task "MSBuild".
Done building target "_GetProjectReferenceTargetFrameworkProperties" in project "AirportLib.cblproj".
Target "PrepareProjectReferences" in file "C:\Program Files (x86)\Microsoft Visual Studio\2017\Professional\MSBuild\15.0\bin\Microsoft.Common.CurrentVersion.targets" from project "C:\github\AirportDemo\AirportLib\AirportLib.cblproj" (target "ResolveProjectReferences" depends on it):
Done building target "PrepareProjectReferences" in project "AirportLib.cblproj".
Target "ResolveProjectReferences" in file "C:\Program Files (x86)\Microsoft Visual Studio\2017\Professional\MSBuild\15.0\bin\Microsoft.Common.CurrentVersion.targets" from project "C:\github\AirportDemo\AirportLib\AirportLib.cblproj" (target "ResolveReferences" depends on it):
Task "MSBuild" skipped, due to false condition; ('%(_MSBuildProjectReferenceExistent.BuildReference)' == 'true' and '@(ProjectReferenceWithConfiguration)' != '' and ('$(BuildingInsideVisualStudio)' == 'true' or '$(BuildProjectReferences)' != 'true') and '$(VisualStudioVersion)' != '10.0' and '@(_MSBuildProjectReferenceExistent)' != '') was evaluated as ('' == 'true' and '' != '' and ('' == 'true' or 'true' != 'true') and '15.0' != '10.0' and '' != '').
Task "MSBuild" skipped, due to false condition; ('%(_MSBuildProjectReferenceExistent.BuildReference)' == 'true' and '@(ProjectReferenceWithConfiguration)' != '' and ('$(BuildingInsideVisualStudio)' == 'true' or '$(BuildProjectReferences)' != 'true') and '$(VisualStudioVersion)' == '10.0' and '@(_MSBuildProjectReferenceExistent)' != '') was evaluated as ('' == 'true' and '' != '' and ('' == 'true' or 'true' != 'true') and '15.0' == '10.0' and '' != '').
Task "MSBuild" skipped, due to false condition; ('%(_MSBuildProjectReferenceExistent.BuildReference)' == 'true' and '@(ProjectReferenceWithConfiguration)' != '' and '$(BuildingInsideVisualStudio)' != 'true' and '$(BuildProjectReferences)' == 'true' and '@(_MSBuildProjectReferenceExistent)' != '') was evaluated as ('' == 'true' and '' != '' and '' != 'true' and 'true' == 'true' and '' != '').
Task "MSBuild" skipped, due to false condition; ('%(_MSBuildProjectReferenceExistent.BuildReference)' == 'true' and '@(ProjectReferenceWithConfiguration)' != '' and '$(BuildingProject)' == 'true' and '@(_MSBuildProjectReferenceExistent)' != '') was evaluated as ('' == 'true' and '' != '' and 'true' == 'true' and '' != '').
Task "Warning" skipped, due to false condition; ('@(ProjectReferenceWithConfiguration)' != '' and '@(_MSBuildProjectReferenceNonexistent)' != '') was evaluated as ('' != '' and '' != '').
Done building target "ResolveProjectReferences" in project "AirportLib.cblproj".
Target "AssignNativeReferences" in file "C:\Program Files (x86)\MSBuild\Micro Focus\Visual COBOL\v1.0\MicroFocus.COBOL.targets" from project "C:\github\AirportDemo\AirportLib\AirportLib.cblproj" (target "ResolveReferences" depends on it):
Task "AssignNativeReferences" skipped, due to false condition; ('@(PInvokeReference)' != '') was evaluated as ('' != '').
Done building target "AssignNativeReferences" in project "AirportLib.cblproj".
Target "ResolveNativeReferences" skipped, due to false condition; ('@(NativeReference)'!='') was evaluated as (''!='').
Target "GetFrameworkPaths" skipped. Previously built successfully.
Target "GetReferenceAssemblyPaths" skipped. Previously built successfully.
Target "PrepareForBuild" skipped. Previously built successfully.
Target "GetInstalledSDKLocations" in file "C:\Program Files (x86)\Microsoft Visual Studio\2017\Professional\MSBuild\15.0\bin\Microsoft.Common.CurrentVersion.targets" from project "C:\github\AirportDemo\AirportLib\AirportLib.cblproj" (target "ResolveSDKReferences" depends on it):
Task "GetInstalledSDKLocations" skipped, due to false condition; ('@(SDKReference)' != '') was evaluated as ('' != '').
Task "GetInstalledSDKLocations" skipped, due to false condition; ('@(SDKReference)' != '' and '$(SupportWindows81SDKs)' == 'true' and '$(TargetPlatformIdentifierWindows81)' != '' and '$(TargetPlatformVersionWindows81)' != '') was evaluated as ('' != '' and '' == 'true' and '' != '' and '' != '').
Task "GetInstalledSDKLocations" skipped, due to false condition; ('@(SDKReference)' != '' and '$(SupportWindowsPhone81SDKs)' == 'true' and '$(TargetPlatformIdentifierWindowsPhone81)' != '' and '$(TargetPlatformVersionWindowsPhone81)' != '') was evaluated as ('' != '' and '' == 'true' and '' != '' and '' != '').
Done building target "GetInstalledSDKLocations" in project "AirportLib.cblproj".
Target "ResolveSDKReferences" in file "C:\Program Files (x86)\Microsoft Visual Studio\2017\Professional\MSBuild\15.0\bin\Microsoft.Common.CurrentVersion.targets" from project "C:\github\AirportDemo\AirportLib\AirportLib.cblproj" (target "ResolveAssemblyReferences" depends on it):
Task "ResolveSDKReference" skipped, due to false condition; ('@(SDKReference)'!='') was evaluated as (''!='').
Done building target "ResolveSDKReferences" in project "AirportLib.cblproj".
Target "ResolveSDKReferences" skipped. Previously built successfully.
Target "ExpandSDKReferences" in file "C:\Program Files (x86)\Microsoft Visual Studio\2017\Professional\MSBuild\15.0\bin\Microsoft.Common.CurrentVersion.targets" from project "C:\github\AirportDemo\AirportLib\AirportLib.cblproj" (target "ResolveAssemblyReferences" depends on it):
Task "GetSDKReferenceFiles" skipped, due to false condition; ('@(ResolvedSDKReference)'!='') was evaluated as (''!='').
Done building target "ExpandSDKReferences" in project "AirportLib.cblproj".
Target "ResolveNuGetPackageAssets" skipped, due to false condition; ('$(ResolveNuGetPackages)' == 'true' and exists('$(ProjectLockFile)')) was evaluated as ('true' == 'true' and exists('obj\project.assets.json')).
Target "ResolveAssemblyReferences" in file "C:\Program Files (x86)\Microsoft Visual Studio\2017\Professional\MSBuild\15.0\bin\Microsoft.Common.CurrentVersion.targets" from project "C:\github\AirportDemo\AirportLib\AirportLib.cblproj" (target "ResolveReferences" depends on it):
Task "ResolveAssemblyReference" skipped, due to false condition; ('@(Reference)'!='' or '@(_ResolvedProjectReferencePaths)'!='' or '@(_ExplicitReference)' != '') was evaluated as (''!='' or ''!='' or '' != '').
Done building target "ResolveAssemblyReferences" in project "AirportLib.cblproj".
Target "ResolveComReferences" skipped, due to false condition; ('@(COMReference)'!='' or '@(COMFileReference)'!='') was evaluated as (''!='' or ''!='').
Target "AfterResolveReferences" in file "C:\Program Files (x86)\Microsoft Visual Studio\2017\Professional\MSBuild\15.0\bin\Microsoft.Common.CurrentVersion.targets" from project "C:\github\AirportDemo\AirportLib\AirportLib.cblproj" (target "ResolveReferences" depends on it):
Done building target "AfterResolveReferences" in project "AirportLib.cblproj".
Target "ResolveReferences" in file "C:\Program Files (x86)\Microsoft Visual Studio\2017\Professional\MSBuild\15.0\bin\Microsoft.Common.CurrentVersion.targets" from project "C:\github\AirportDemo\AirportLib\AirportLib.cblproj" (target "CoreBuild" depends on it):
Done building target "ResolveReferences" in project "AirportLib.cblproj".
Target "ResolveNuGetPackageAssets" skipped, due to false condition; ('$(ResolveNuGetPackages)' == 'true' and exists('$(ProjectLockFile)')) was evaluated as ('true' == 'true' and exists('obj\project.assets.json')).
Target "XamlMarkupCompilePass1" skipped, due to false condition; ('@(XamlPage)' != '' or '@(XamlAppDef)' != '') was evaluated as ('' != '' or '' != '').
Target "XamlMarkupCompileReadGeneratedFileList" skipped, due to false condition; ('@(XamlPage)' != '' or '@(XamlAppDef)' != '') was evaluated as ('' != '' or '' != '').
Target "XamlMarkupCompileAddFilesGenerated" skipped, due to false condition; ('@(XamlPage)' != '' or '@(XamlAppDef)' != '') was evaluated as ('' != '' or '' != '').
Target "XamlMarkupCompilePass2" skipped, due to false condition; ('$(XamlRequiresCompilationPass2)' == 'true' ) was evaluated as ('false' == 'true' ).
Target "XamlMarkupCompileReadPass2Flag" skipped, due to false condition; ('@(XamlPage)' != '' or '@(XamlAppDef)' != '') was evaluated as ('' != '' or '' != '').
Target "XamlMarkupCompileAddExtensionFilesGenerated" skipped, due to false condition; ('@(XamlPage)' != '' or '@(XamlAppDef)' != '') was evaluated as ('' != '' or '' != '').
Target "AssignTargetPaths" in file "C:\Program Files (x86)\Microsoft Visual Studio\2017\Professional\MSBuild\15.0\bin\Microsoft.Common.CurrentVersion.targets" from project "C:\github\AirportDemo\AirportLib\AirportLib.cblproj" (target "PrepareResourceNames" depends on it):
Using "AssignTargetPath" task from assembly "Microsoft.Build.Tasks.Core, Version=15.1.0.0, Culture=neutral, PublicKeyToken=b03f5f7f11d50a3a".
Task "AssignTargetPath"
Done executing task "AssignTargetPath".
Task "AssignTargetPath"
Done executing task "AssignTargetPath".
Task "AssignTargetPath"
Done executing task "AssignTargetPath".
Task "AssignTargetPath"
Done executing task "AssignTargetPath".
Task "AssignTargetPath" skipped, due to false condition; ('@(_DeploymentBaseManifestWithTargetPath)'=='' and '%(None.Extension)'=='.manifest') was evaluated as (''=='' and ''=='.manifest').
Done building target "AssignTargetPaths" in project "AirportLib.cblproj".
Target "AssignTargetPaths" skipped. Previously built successfully.
Target "SplitResourcesByCulture" in file "C:\Program Files (x86)\Microsoft Visual Studio\2017\Professional\MSBuild\15.0\bin\Microsoft.Common.CurrentVersion.targets" from project "C:\github\AirportDemo\AirportLib\AirportLib.cblproj" (target "PrepareResourceNames" depends on it):
Task "Warning" skipped, due to false condition; ('@(ResxWithNoCulture)'!='') was evaluated as (''!='').
Task "Warning" skipped, due to false condition; ('@(ResxWithCulture)'!='') was evaluated as (''!='').
Task "Warning" skipped, due to false condition; ('@(NonResxWithCulture)'!='') was evaluated as (''!='').
Task "Warning" skipped, due to false condition; ('@(NonResxWithNoCulture)'!='') was evaluated as (''!='').
Using "AssignCulture" task from assembly "Microsoft.Build.Tasks.Core, Version=15.1.0.0, Culture=neutral, PublicKeyToken=b03f5f7f11d50a3a".
Task "AssignCulture"
Done executing task "AssignCulture".
Done building target "SplitResourcesByCulture" in project "AirportLib.cblproj".
Target "CreateManifestResourceNames" skipped, due to false condition; ('@(EmbeddedResource)' != '') was evaluated as ('' != '').
Target "CreateCustomManifestResourceNames" in file "C:\Program Files (x86)\Microsoft Visual Studio\2017\Professional\MSBuild\15.0\bin\Microsoft.Common.CurrentVersion.targets" from project "C:\github\AirportDemo\AirportLib\AirportLib.cblproj" (target "PrepareResourceNames" depends on it):
Done building target "CreateCustomManifestResourceNames" in project "AirportLib.cblproj".
Target "PrepareResourceNames" in file "C:\Program Files (x86)\Microsoft Visual Studio\2017\Professional\MSBuild\15.0\bin\Microsoft.Common.CurrentVersion.targets" from project "C:\github\AirportDemo\AirportLib\AirportLib.cblproj" (target "PrepareResources" depends on it):
Done building target "PrepareResourceNames" in project "AirportLib.cblproj".
Target "ResolveAssemblyReferences" skipped. Previously built successfully.
Target "SplitResourcesByCulture" skipped. Previously built successfully.
Target "BeforeResGen" in file "C:\Program Files (x86)\Microsoft Visual Studio\2017\Professional\MSBuild\15.0\bin\Microsoft.Common.CurrentVersion.targets" from project "C:\github\AirportDemo\AirportLib\AirportLib.cblproj" (target "ResGen" depends on it):
Done building target "BeforeResGen" in project "AirportLib.cblproj".
Target "ResolveReferences" skipped. Previously built successfully.
Target "FindReferenceAssembliesForReferences" in file "C:\Program Files (x86)\Microsoft Visual Studio\2017\Professional\MSBuild\15.0\bin\Microsoft.Common.CurrentVersion.targets" from project "C:\github\AirportDemo\AirportLib\AirportLib.cblproj" (target "CoreResGen" depends on it):
Done building target "FindReferenceAssembliesForReferences" in project "AirportLib.cblproj".
Target "CoreResGen" in file "C:\Program Files (x86)\Microsoft Visual Studio\2017\Professional\MSBuild\15.0\bin\Microsoft.Common.CurrentVersion.targets" from project "C:\github\AirportDemo\AirportLib\AirportLib.cblproj" (target "ResGen" depends on it):
Task "GenerateResource" skipped, due to false condition; ('%(EmbeddedResource.Type)' == 'Resx' and '%(EmbeddedResource.GenerateResource)' != 'false' and '$(GenerateResourceMSBuildRuntime)' != 'CLR2') was evaluated as ('' == 'Resx' and '' != 'false' and 'CurrentRuntime' != 'CLR2').
Task "GenerateResource" skipped, due to false condition; ('%(EmbeddedResource.Type)' == 'Resx' and '%(EmbeddedResource.GenerateResource)' != 'false' and '$(GenerateResourceMSBuildRuntime)' == 'CLR2') was evaluated as ('' == 'Resx' and '' != 'false' and 'CurrentRuntime' == 'CLR2').
Done building target "CoreResGen" in project "AirportLib.cblproj".
Target "AfterResGen" in file "C:\Program Files (x86)\Microsoft Visual Studio\2017\Professional\MSBuild\15.0\bin\Microsoft.Common.CurrentVersion.targets" from project "C:\github\AirportDemo\AirportLib\AirportLib.cblproj" (target "ResGen" depends on it):
Done building target "AfterResGen" in project "AirportLib.cblproj".
Target "ResGen" in file "C:\Program Files (x86)\Microsoft Visual Studio\2017\Professional\MSBuild\15.0\bin\Microsoft.Common.CurrentVersion.targets" from project "C:\github\AirportDemo\AirportLib\AirportLib.cblproj" (target "PrepareResources" depends on it):
Done building target "ResGen" in project "AirportLib.cblproj".
Target "CompileLicxFiles" skipped, due to false condition; ('@(_LicxFile)'!='') was evaluated as (''!='').
Target "PrepareResources" in file "C:\Program Files (x86)\Microsoft Visual Studio\2017\Professional\MSBuild\15.0\bin\Microsoft.Common.CurrentVersion.targets" from project "C:\github\AirportDemo\AirportLib\AirportLib.cblproj" (target "CoreBuild" depends on it):
Done building target "PrepareResources" in project "AirportLib.cblproj".
Target "ResolveKeySource" skipped, due to false condition; ($(SignManifests) == 'true' or $(SignAssembly) == 'true') was evaluated as ( == 'true' or  == 'true').
Target "ResolveReferences" skipped. Previously built successfully.
Target "ResolveKeySource" skipped, due to false condition; ($(SignManifests) == 'true' or $(SignAssembly) == 'true') was evaluated as ( == 'true' or  == 'true').
Target "GetGenericConfig" skipped, due to false condition; ('$(ManagedCode)' == 'false' and ('$(OutputType)' == 'Exe' or '$(OutputType)' == 'WinExe') and '$(LinkMultiDlls)' != 'true' ) was evaluated as ('False' == 'false' and ('Library' == 'Exe' or 'Library' == 'WinExe') and '' != 'true' ).
Target "GenerateTargetFrameworkMonikerAttribute" skipped, due to false condition; ('$(GenerateTargetFrameworkAttribute)' == 'true') was evaluated as ('' == 'true').
Target "GenerateAdditionalSources" skipped, due to false condition; ('@(AssemblyAttributes)' != '' and '$(GenerateAdditionalSources)' == 'true') was evaluated as ('' != '' and '' == 'true').
Target "BeforeCompile" in file "C:\Program Files (x86)\Microsoft Visual Studio\2017\Professional\MSBuild\15.0\bin\Microsoft.Common.CurrentVersion.targets" from project "C:\github\AirportDemo\AirportLib\AirportLib.cblproj" (target "Compile" depends on it):
Done building target "BeforeCompile" in project "AirportLib.cblproj".
Target "_TimeStampBeforeCompile" skipped, due to false condition; ('$(RunPostBuildEvent)'=='OnOutputUpdated' or ('$(RegisterForComInterop)'=='true' and '$(OutputType)'=='library')) was evaluated as (''=='OnOutputUpdated' or (''=='true' and 'Library'=='library')).
Target "_ComputeNonExistentFileProperty" skipped, due to false condition; (('$(BuildingInsideVisualStudio)' == 'true') and ('$(BuildingOutOfProcess)' != 'true') and (('$(BuildingProject)' == 'false') or ('$(UseHostCompilerIfAvailable)' == 'true'))) was evaluated as (('' == 'true') and ('' != 'true') and (('true' == 'false') or ('true' == 'true'))).
Target "AssignSourceTargetPaths" in file "C:\Program Files (x86)\MSBuild\Micro Focus\Visual COBOL\v1.0\MicroFocus.COBOL.targets" from project "C:\github\AirportDemo\AirportLib\AirportLib.cblproj" (target "CoreCompile" depends on it):
Using "AssignSourceTargetPaths" task from assembly "MicroFocus.COBOL.BuildTasks, Version=4.0.0.0, Culture=neutral, PublicKeyToken=0412c5e0b2aaa8f0".
Task "AssignSourceTargetPaths"
Done executing task "AssignSourceTargetPaths".
Task "Message" skipped, due to false condition; ('$(MSBuildTargetsVerbose)'=='true') was evaluated as (''=='true').
Done building target "AssignSourceTargetPaths" in project "AirportLib.cblproj".
Target "AssignSourceTargetPaths" skipped. Previously built successfully.
Target "AssignMultiDllInter" in file "C:\Program Files (x86)\MSBuild\Micro Focus\Visual COBOL\v1.0\MicroFocus.COBOL.targets" from project "C:\github\AirportDemo\AirportLib\AirportLib.cblproj" (target "CoreCompile" depends on it):
Using "CreateItem" task from assembly "Microsoft.Build.Tasks.Core, Version=15.1.0.0, Culture=neutral, PublicKeyToken=b03f5f7f11d50a3a".
Task "CreateItem"
Done executing task "CreateItem".
Task "Message" skipped, due to false condition; ('$(MSBuildTargetsVerbose)'=='true') was evaluated as (''=='true').
Done building target "AssignMultiDllInter" in project "AirportLib.cblproj".
Target "AssignIntGntInter" skipped, due to false condition; ('$(OutputType)'=='IntGnt') was evaluated as ('Library'=='IntGnt').
Target "AssignLbrInter" skipped, due to false condition; ('$(PackageFilesAs)'=='LBR') was evaluated as (''=='LBR').
Target "CompileRCFiles" skipped, due to false condition; ('@(ResourceCompile)' != '' and $(BuildingProject)=='true') was evaluated as ('' != '' and true=='true').
Target "ForceCoreCompile" in file "C:\Program Files (x86)\MSBuild\Micro Focus\Visual COBOL\v1.0\MicroFocus.COBOL.targets" from project "C:\github\AirportDemo\AirportLib\AirportLib.cblproj" (target "CoreCompile" depends on it):
Building target "ForceCoreCompile" completely.
No input files were specified.
Task "CreateItem"
Done executing task "CreateItem".
Done building target "ForceCoreCompile" in project "AirportLib.cblproj".
Target "CoreCompile" in file "C:\Program Files (x86)\MSBuild\Micro Focus\Visual COBOL\v1.0\MicroFocus.COBOL.targets" from project "C:\github\AirportDemo\AirportLib\AirportLib.cblproj" (target "Compile" depends on it):
Building target "CoreCompile" completely.
Output file "obj\x86\Debug\aircode" does not exist.
Task "MakeDir"
Done executing task "MakeDir".
Using "Cobol" task from assembly "MicroFocus.COBOL.BuildTasks, Version=4.0.0.0, Culture=neutral, PublicKeyToken=0412c5e0b2aaa8f0".
Task "Cobol"
  Read Tracking Logs:
  	obj\x86\Debug\AirportLib.TrackingLogs\cobol.read.1.tlog
  All outputs are up-to-date.
  No Output files derived from C:\github\AirportDemo\AirportLib\obj\x86\Debug\AirportLib.TrackingLogs\AirportLib.cobolBuildState identified as needing recompilation
  CompileSources item #0 start: 'aircode.cbl' -> 'obj\x86\Debug\aircode.obj'.
  MSBMF015 - Unknown item property: DefiningProjectFullPath for item aircode.cbl
  MSBMF015 - Unknown item property: DefiningProjectDirectory for item aircode.cbl
  MSBMF015 - Unknown item property: DefiningProjectName for item aircode.cbl
  MSBMF015 - Unknown item property: DefiningProjectExtension for item aircode.cbl
  ComputeItemUpToDate(aircode.cbl, obj\x86\Debug\aircode.obj, <BuildInfo>)
  MSBMF014 - Directives file: _cobol00000001-00002BCC.dir
  int"C:obj\x86\Debug\aircode.int" visualstudio"1" anim cobidy"..\bin\" sourcetabstop"4" sourceformat"Variable" noquery osext() warnings"1" max-error"100"
  MSBMF005 - Setting COBCPY to: C:\github\AirportDemo\Copybooks;
  MSBMF006 - Launching C:\Program Files (x86)\Microsoft Visual Studio\2017\Professional\MSBuild\15.0\bin\tracker.exe /d C:\Windows\Microsoft.NET\Framework\v4.0.30319\FileTracker.dll /i obj\x86\Debug\AirportLib.TrackingLogs /r C:\github\AirportDemo\AirportLib\aircode.cbl /c "C:\Program Files (x86)\Micro Focus\Visual COBOL\bin\cobol.exe" "C:\github\AirportDemo\AirportLib\aircode.cbl" EAGEN(\"C:\github\AirportDemo\AirportLib\obj\x86\Debug\EAAnalysis_1152039944\aircode.xml\") nologo use(_cobol00000001-00002BCC.dir) ;
  * Compiling C:\github\AirportDemo\AirportLib\aircode.cbl
  * Generating C:obj\x86\Debug\aircode
  * Data:        1824     Code:        4552     Literals:         772
  CompileSources item #0 build result: True.
  CompileSources item #0 done.
  COBOL compile: 1 item(s) succeeded or up-to-date, 0 failed.
Done executing task "Cobol".
Task "Message" skipped, due to false condition; ('$(MSBuildTargetsVerbose)'=='true' and '@(DirectivesFiles)' != '') was evaluated as (''=='true' and '' != '').
Done building target "CoreCompile" in project "AirportLib.cblproj".
Target "Linker" in file "C:\Program Files (x86)\MSBuild\Micro Focus\Visual COBOL\v1.0\MicroFocus.COBOL.targets" from project "C:\github\AirportDemo\AirportLib\AirportLib.cblproj" (target "Compile" depends on it):
Using "CallTarget" task from assembly "Microsoft.Build.Tasks.Core, Version=15.1.0.0, Culture=neutral, PublicKeyToken=b03f5f7f11d50a3a".
Task "CallTarget"
Target "AssignSourceTargetPaths" skipped. Previously built successfully.
Target "AssignExtraOutputs" skipped, due to false condition; (Exists('$(ExtraOutputsFile)')) was evaluated as (Exists('obj\x86\Debug\AirportLib.ExtraOutputs.xml')).
Target "GetNativeAppManifest" skipped, due to false condition; ('$(ManagedCode)' == 'false' and ('$(OutputType)' == 'Exe' or '$(OutputType)' == 'WinExe') and '$(LinkMultiDlls)' != 'true' ) was evaluated as ('False' == 'false' and ('Library' == 'Exe' or 'Library' == 'WinExe') and '' != 'true' ).
Target "AssignLinkerInputs" in file "C:\Program Files (x86)\MSBuild\Micro Focus\Visual COBOL\v1.0\MicroFocus.COBOL.targets" from project "C:\github\AirportDemo\AirportLib\AirportLib.cblproj" (target "Link" depends on it):
Task "CreateItem"
Done executing task "CreateItem".
Done building target "AssignLinkerInputs" in project "AirportLib.cblproj".
Target "Link" in file "C:\Program Files (x86)\MSBuild\Micro Focus\Visual COBOL\v1.0\MicroFocus.COBOL.targets" from project "C:\github\AirportDemo\AirportLib\AirportLib.cblproj" (target "Linker" depends on it):
Using "CobolLink" task from assembly "MicroFocus.COBOL.BuildTasks, Version=4.0.0.0, Culture=neutral, PublicKeyToken=0412c5e0b2aaa8f0".
Task "CobolLink"
  MSBMF006 - Launching C:\Program Files (x86)\Microsoft Visual Studio\2017\Professional\MSBuild\15.0\bin\tracker.exe /d C:\Windows\Microsoft.NET\Framework\v4.0.30319\FileTracker.dll /i obj\x86\Debug\AirportLib.TrackingLogs /r C:\github\AirportDemo\AirportLib\obj\x86\Debug\aircode.obj /c "C:\Program Files (x86)\Micro Focus\Visual COBOL\bin\cbllink.exe" -D -Oobj\x86\Debug\AirportLib.dll -N -FM obj\x86\Debug\aircode.obj
     Creating library obj\x86\Debug\AirportLib.lib and object obj\x86\Debug\AirportLib.exp
Done executing task "CobolLink".
Done building target "Link" in project "AirportLib.cblproj".
Done executing task "CallTarget".
Task "CallTarget"
Target "CreateMFLibrary" skipped, due to false condition; ('$(CompileItems)'==''  and '$(OutputType)'=='IntGnt' and '$(PackageFilesAs)' == 'LBR') was evaluated as (''==''  and 'Library'=='IntGnt' and '' == 'LBR').
Done executing task "CallTarget".
Task "CallTarget"
Target "CopyGenericConfigFile" skipped, due to false condition; ('$(ManagedCode)' == 'false' and ('$(OutputType)' == 'Exe' or '$(OutputType)' == 'WinExe') and '$(LinkMultiDlls)' != 'true' ) was evaluated as ('False' == 'false' and ('Library' == 'Exe' or 'Library' == 'WinExe') and '' != 'true' ).
Done executing task "CallTarget".
Done building target "Linker" in project "AirportLib.cblproj".
Target "_TimeStampAfterCompile" skipped, due to false condition; ('$(RunPostBuildEvent)'=='OnOutputUpdated' or ('$(RegisterForComInterop)'=='true' and '$(OutputType)'=='library')) was evaluated as (''=='OnOutputUpdated' or (''=='true' and 'Library'=='library')).
Target "AfterCompileMultiOutput" skipped, due to false condition; ('$(ManagedCode)' == 'true' and '$(LinkMultiDlls)' == 'true') was evaluated as ('False' == 'true' and '' == 'true').
Target "AfterCompile" in file "C:\Program Files (x86)\Microsoft Visual Studio\2017\Professional\MSBuild\15.0\bin\Microsoft.Common.CurrentVersion.targets" from project "C:\github\AirportDemo\AirportLib\AirportLib.cblproj" (target "Compile" depends on it):
Done building target "AfterCompile" in project "AirportLib.cblproj".
Target "ResolveReferences" skipped. Previously built successfully.
Target "ResolveKeySource" skipped, due to false condition; ($(SignManifests) == 'true' or $(SignAssembly) == 'true') was evaluated as ( == 'true' or  == 'true').
Target "GetGenericConfig" skipped, due to false condition; ('$(ManagedCode)' == 'false' and ('$(OutputType)' == 'Exe' or '$(OutputType)' == 'WinExe') and '$(LinkMultiDlls)' != 'true' ) was evaluated as ('False' == 'false' and ('Library' == 'Exe' or 'Library' == 'WinExe') and '' != 'true' ).
Target "BeforeCompile" skipped. Previously built successfully.
Target "_TimeStampBeforeCompile" skipped, due to false condition; ('$(RunPostBuildEvent)'=='OnOutputUpdated' or ('$(RegisterForComInterop)'=='true' and '$(OutputType)'=='library')) was evaluated as (''=='OnOutputUpdated' or (''=='true' and 'Library'=='library')).
Target "CoreCompile" skipped. Previously built successfully.
Target "RunMFCodeAnalysis" in file "C:\Program Files (x86)\MSBuild\Micro Focus\Visual COBOL\V1.0\MicroFocus.CodeAnalysis.targets" from project "C:\github\AirportDemo\AirportLib\AirportLib.cblproj" (target "Compile" depends on it):
Using "Analysis" task from assembly "MicroFocus.CodeAnalysis.BuildTasks, Version=4.0.0.0, Culture=neutral, PublicKeyToken=0412c5e0b2aaa8f0".
Task "Analysis"
  MSBMF006 - Launching C:\Program Files (x86)\Micro Focus\Visual COBOL\bin\ea\EARunner.exe /p:C:\github\AirportDemo\AirportLib\obj\x86\Debug\EAAnalysis_1152039944\5100436_analysisparameters.xml
  Micro Focus Enterprise Analyzer Command - Line Tool, Version 3.6.1
  Copyright (C) Micro Focus 2015, All Rights Reserved.
  Analysis started.
  Analyzing aircode ...
C:\github\AirportDemo\AirportLib\aircode.cbl(107,12,107,46): warning MFCA0001: Within Entire Program: Dead Statements: display "this code is never called" [C:\github\AirportDemo\AirportLib\AirportLib.cblproj]
C:\github\AirportDemo\AirportLib\aircode.cbl(108,12,108,47): warning MFCA0001: Within Entire Program: Dead Statements: display "here for analysis purposes" [C:\github\AirportDemo\AirportLib\AirportLib.cblproj]
  Analysis Complete.
  
  Done: 00:00:00
Done executing task "Analysis".
Done building target "RunMFCodeAnalysis" in project "AirportLib.cblproj".
Target "Compile" in file "C:\Program Files (x86)\Microsoft Visual Studio\2017\Professional\MSBuild\15.0\bin\Microsoft.Common.CurrentVersion.targets" from project "C:\github\AirportDemo\AirportLib\AirportLib.cblproj" (target "CoreBuild" depends on it):
Done building target "Compile" in project "AirportLib.cblproj".
Target "ExportWindowsMDFile" skipped, due to false condition; ('$(ExportWinMDFile)' == 'true') was evaluated as ('' == 'true').
Target "UnmanagedUnregistration" skipped, due to false condition; ((('$(_AssemblyTimestampBeforeCompile)' != '$(_AssemblyTimestampAfterCompile)' or '$(RegisterForComInterop)' != 'true' or '$(OutputType)' != 'library') or
                    ('$(_AssemblyTimestampBeforeCompile)' == '')) and
                   Exists('@(_UnmanagedRegistrationCache)')) was evaluated as ((('' != '' or '' != 'true' or 'Library' != 'library') or
                    ('' == '')) and
                   Exists('obj\AirportLib.cblproj.UnmanagedRegistration.cache')).
Target "GenerateSerializationAssemblies" skipped, due to false condition; ('$(_SGenGenerateSerializationAssembliesConfig)' == 'On' or ('@(WebReferenceUrl)'!='' and '$(_SGenGenerateSerializationAssembliesConfig)' == 'Auto')) was evaluated as ('Off' == 'On' or (''!='' and 'Off' == 'Auto')).
Target "_GenerateSatelliteAssemblyInputs" in file "C:\Program Files (x86)\Microsoft Visual Studio\2017\Professional\MSBuild\15.0\bin\Microsoft.Common.CurrentVersion.targets" from project "C:\github\AirportDemo\AirportLib\AirportLib.cblproj" (target "CreateSatelliteAssemblies" depends on it):
Task "Warning" skipped, due to false condition; ('@(ManifestResourceWithCulture)'!='' and '%(ManifestResourceWithCulture.EmittedForCompatibilityOnly)'=='') was evaluated as (''!='' and ''=='').
Task "Warning" skipped, due to false condition; ('@(ManifestNonResxWithCultureOnDisk)'!='' and '%(ManifestNonResxWithCultureOnDisk.EmittedForCompatibilityOnly)'=='') was evaluated as (''!='' and ''=='').
Done building target "_GenerateSatelliteAssemblyInputs" in project "AirportLib.cblproj".
Target "ComputeIntermediateSatelliteAssemblies" skipped, due to false condition; (@(EmbeddedResource->'%(WithCulture)') != '') was evaluated as ( != '').
Target "GenerateSatelliteAssemblies" skipped, due to false condition; ('@(_SatelliteAssemblyResourceInputs)' != '' and '$(MSBuildRuntimeType)' != 'Core') was evaluated as ('' != '' and 'Full' != 'Core').
Target "CreateSatelliteAssemblies" in file "C:\Program Files (x86)\Microsoft Visual Studio\2017\Professional\MSBuild\15.0\bin\Microsoft.Common.CurrentVersion.targets" from project "C:\github\AirportDemo\AirportLib\AirportLib.cblproj" (target "CoreBuild" depends on it):
Done building target "CreateSatelliteAssemblies" in project "AirportLib.cblproj".
Target "GenerateManifests" skipped, due to false condition; ('$(GenerateClickOnceManifests)'=='true' or '@(NativeReference)'!='' or '@(ResolvedIsolatedComModules)'!='' or '$(GenerateAppxManifest)' == 'true') was evaluated as (''=='true' or ''!='' or ''!='' or '' == 'true').
Target "GetTargetPathWithTargetPlatformMoniker" in file "C:\Program Files (x86)\Microsoft Visual Studio\2017\Professional\MSBuild\15.0\bin\Microsoft.Common.CurrentVersion.targets" from project "C:\github\AirportDemo\AirportLib\AirportLib.cblproj" (target "GetTargetPath" depends on it):
Done building target "GetTargetPathWithTargetPlatformMoniker" in project "AirportLib.cblproj".
Target "GetTargetPath" in file "C:\Program Files (x86)\Microsoft Visual Studio\2017\Professional\MSBuild\15.0\bin\Microsoft.Common.CurrentVersion.targets" from project "C:\github\AirportDemo\AirportLib\AirportLib.cblproj" (target "CoreBuild" depends on it):
Done building target "GetTargetPath" in project "AirportLib.cblproj".
Target "ComputeIntermediateSatelliteAssemblies" skipped, due to false condition; (@(EmbeddedResource->'%(WithCulture)') != '') was evaluated as ( != '').
Target "_CopyFilesMarkedCopyLocal" skipped, due to false condition; ('@(ReferenceCopyLocalPaths)' != '') was evaluated as ('' != '').
Target "AssignTargetPaths" skipped. Previously built successfully.
Target "_SplitProjectReferencesByFileExistence" skipped. Previously built successfully.
Target "_GetProjectReferenceTargetFrameworkProperties" skipped. Previously built successfully.
Target "GetCopyToOutputDirectoryXamlAppDefs" in file "C:\Windows\Microsoft.NET\Framework\v4.0.30319\Microsoft.Xaml.targets" from project "C:\github\AirportDemo\AirportLib\AirportLib.cblproj" (target "GetCopyToOutputDirectoryItems" depends on it):
Task "AssignTargetPath"
Done executing task "AssignTargetPath".
Done building target "GetCopyToOutputDirectoryXamlAppDefs" in project "AirportLib.cblproj".
Target "GetCopyToOutputDirectoryItems" in file "C:\Program Files (x86)\Microsoft Visual Studio\2017\Professional\MSBuild\15.0\bin\Microsoft.Common.CurrentVersion.targets" from project "C:\github\AirportDemo\AirportLib\AirportLib.cblproj" (target "_CopySourceItemsToOutputDirectory" depends on it):
Task "MSBuild" skipped, due to false condition; ('@(_MSBuildProjectReferenceExistent)' != '' and '$(_GetChildProjectCopyToOutputDirectoryItems)' == 'true' and '%(_MSBuildProjectReferenceExistent.Private)' != 'false' and '$(UseCommonOutputDirectory)' != 'true') was evaluated as ('' != '' and 'true' == 'true' and '' != 'false' and 'false' != 'true').
Task "AssignTargetPath"
Done executing task "AssignTargetPath".
Done building target "GetCopyToOutputDirectoryItems" in project "AirportLib.cblproj".
Target "_CopyOutOfDateSourceItemsToOutputDirectory" skipped, due to false condition; ( '@(_SourceItemsToCopyToOutputDirectory)' != '' ) was evaluated as ( '' != '' ).
Target "_CopyOutOfDateSourceItemsToOutputDirectoryAlways" skipped, due to false condition; ( '@(_SourceItemsToCopyToOutputDirectoryAlways)' != '' ) was evaluated as ( '' != '' ).
Target "_CopySourceItemsToOutputDirectory" in file "C:\Program Files (x86)\Microsoft Visual Studio\2017\Professional\MSBuild\15.0\bin\Microsoft.Common.CurrentVersion.targets" from project "C:\github\AirportDemo\AirportLib\AirportLib.cblproj" (target "CopyFilesToOutputDirectory" depends on it):
Done building target "_CopySourceItemsToOutputDirectory" in project "AirportLib.cblproj".
Target "_CopyAppConfigFile" skipped, due to false condition; ( '@(AppConfigWithTargetPath)' != '' ) was evaluated as ( '' != '' ).
Target "_CopyManifestFiles" skipped, due to false condition; ( '$(_DeploymentCopyApplicationManifest)'=='true' or '$(GenerateClickOnceManifests)'=='true' ) was evaluated as ( ''=='true' or ''=='true' ).
Target "_CheckForCompileOutputs" in file "C:\Program Files (x86)\Microsoft Visual Studio\2017\Professional\MSBuild\15.0\bin\Microsoft.Common.CurrentVersion.targets" from project "C:\github\AirportDemo\AirportLib\AirportLib.cblproj" (target "CopyFilesToOutputDirectory" depends on it):
Done building target "_CheckForCompileOutputs" in project "AirportLib.cblproj".
Target "_SGenCheckForOutputs" skipped, due to false condition; ('$(_SGenGenerateSerializationAssembliesConfig)' == 'On' or ('@(WebReferenceUrl)'!='' and '$(_SGenGenerateSerializationAssembliesConfig)' == 'Auto')) was evaluated as ('Off' == 'On' or (''!='' and 'Off' == 'Auto')).
Target "CopyFilesToOutputDirectory" in file "C:\Program Files (x86)\Microsoft Visual Studio\2017\Professional\MSBuild\15.0\bin\Microsoft.Common.CurrentVersion.targets" from project "C:\github\AirportDemo\AirportLib\AirportLib.cblproj" (target "PrepareForRun" depends on it):
Using "Copy" task from assembly "Microsoft.Build.Tasks.Core, Version=15.1.0.0, Culture=neutral, PublicKeyToken=b03f5f7f11d50a3a".
Task "Copy"
  Copying file from "obj\x86\Debug\AirportLib.dll" to "..\bin\AirportLib.dll".
Done executing task "Copy".
Task "CopyRefAssembly" skipped, due to false condition; ('$(ProduceReferenceAssembly)' == 'true' and '$(CopyBuildOutputToOutputDirectory)' == 'true' and '$(SkipCopyBuildProduct)' != 'true') was evaluated as ('false' == 'true' and 'true' == 'true' and '' != 'true').
Task "Message"
  AirportLib -> C:\github\AirportDemo\bin\AirportLib.dll
Done executing task "Message".
Task "Copy" skipped, due to false condition; ('@(AddModules)' != '') was evaluated as ('' != '').
Task "Copy" skipped, due to false condition; ('$(_SGenDllCreated)'=='true') was evaluated as ('false'=='true').
Task "Copy" skipped, due to false condition; ('$(_DebugSymbolsProduced)'=='true' and '$(SkipCopyingSymbolsToOutputDirectory)' != 'true' and '$(CopyOutputSymbolsToOutputDirectory)'=='true') was evaluated as ('false'=='true' and '' != 'true' and 'true'=='true').
Task "Copy" skipped, due to false condition; ('$(_DocumentationFileProduced)'=='true') was evaluated as ('false'=='true').
Task "Copy" skipped, due to false condition; ('@(IntermediateSatelliteAssembliesWithTargetPath)' != '') was evaluated as ('' != '').
Task "Copy" skipped, due to false condition; ('@(ReferenceComWrappersToCopyLocal)' != '' or '@(ResolvedIsolatedComModules)' != '' or '@(_DeploymentLooseManifestFile)' != '' or '@(NativeReferenceFile)' != '' ) was evaluated as ('' != '' or '' != '' or '' != '' or '' != '' ).
Task "Copy" skipped, due to false condition; ('$(SkipCopyWinMDArtifact)' != 'true' and '@(WinMDExpArtifacts)' != '') was evaluated as ('' != 'true' and '' != '').
Task "Message" skipped, due to false condition; ('$(SkipCopyWinMDArtifact)' != 'true' and '$(_WindowsMetadataOutputPath)' != '') was evaluated as ('' != 'true' and '' != '').
Done building target "CopyFilesToOutputDirectory" in project "AirportLib.cblproj".
Target "PrepareForRun" in file "C:\Program Files (x86)\Microsoft Visual Studio\2017\Professional\MSBuild\15.0\bin\Microsoft.Common.CurrentVersion.targets" from project "C:\github\AirportDemo\AirportLib\AirportLib.cblproj" (target "CoreBuild" depends on it):
Done building target "PrepareForRun" in project "AirportLib.cblproj".
Target "UnmanagedRegistration" skipped, due to false condition; ('$(RegisterForComInterop)'=='true' and '$(OutputType)'=='library') was evaluated as (''=='true' and 'Library'=='library').
Target "_CheckForCompileOutputs" skipped. Previously built successfully.
Target "_SGenCheckForOutputs" skipped, due to false condition; ('$(_SGenGenerateSerializationAssembliesConfig)' == 'On' or ('@(WebReferenceUrl)'!='' and '$(_SGenGenerateSerializationAssembliesConfig)' == 'Auto')) was evaluated as ('Off' == 'On' or (''!='' and 'Off' == 'Auto')).
Target "_CleanGetCurrentAndPriorFileWrites" in file "C:\Program Files (x86)\Microsoft Visual Studio\2017\Professional\MSBuild\15.0\bin\Microsoft.Common.CurrentVersion.targets" from project "C:\github\AirportDemo\AirportLib\AirportLib.cblproj" (target "IncrementalClean" depends on it):
Using "ReadLinesFromFile" task from assembly "Microsoft.Build.Tasks.Core, Version=15.1.0.0, Culture=neutral, PublicKeyToken=b03f5f7f11d50a3a".
Task "ReadLinesFromFile"
Done executing task "ReadLinesFromFile".
Using "ConvertToAbsolutePath" task from assembly "Microsoft.Build.Tasks.Core, Version=15.1.0.0, Culture=neutral, PublicKeyToken=b03f5f7f11d50a3a".
Task "ConvertToAbsolutePath"
Done executing task "ConvertToAbsolutePath".
Using "FindUnderPath" task from assembly "Microsoft.Build.Tasks.Core, Version=15.1.0.0, Culture=neutral, PublicKeyToken=b03f5f7f11d50a3a".
Task "FindUnderPath"
  Comparison path is "C:\github\AirportDemo\AirportLib".
Done executing task "FindUnderPath".
Task "FindUnderPath"
  Comparison path is "..\bin\".
Done executing task "FindUnderPath".
Task "FindUnderPath"
  Comparison path is "obj\x86\Debug\".
Done executing task "FindUnderPath".
Using "RemoveDuplicates" task from assembly "Microsoft.Build.Tasks.Core, Version=15.1.0.0, Culture=neutral, PublicKeyToken=b03f5f7f11d50a3a".
Task "RemoveDuplicates"
Done executing task "RemoveDuplicates".
Done building target "_CleanGetCurrentAndPriorFileWrites" in project "AirportLib.cblproj".
Target "AddDirsToCurrentFileWrites" skipped, due to false condition; ('$(ManagedCode)' == 'true' and '$(GenerateDirectivesFile)' == 'true') was evaluated as ('False' == 'true' and '' == 'true').
Target "IncrementalClean" in file "C:\Program Files (x86)\Microsoft Visual Studio\2017\Professional\MSBuild\15.0\bin\Microsoft.Common.CurrentVersion.targets" from project "C:\github\AirportDemo\AirportLib\AirportLib.cblproj" (target "CoreBuild" depends on it):
Task "FindUnderPath"
  Comparison path is "..\bin\".
Done executing task "FindUnderPath".
Task "FindUnderPath"
  Comparison path is "obj\x86\Debug\".
Done executing task "FindUnderPath".
Using "Delete" task from assembly "Microsoft.Build.Tasks.Core, Version=15.1.0.0, Culture=neutral, PublicKeyToken=b03f5f7f11d50a3a".
Task "Delete"
Done executing task "Delete".
Task "RemoveDuplicates"
Done executing task "RemoveDuplicates".
Task "WriteLinesToFile" skipped, due to false condition; ('@(_CleanUnfilteredPriorFileWrites)'!='@(_CleanUniqueRemainingFileWritesAfterIncrementalClean)') was evaluated as ('C:\github\AirportDemo\bin\AirportLib.dll;C:\github\AirportDemo\AirportLib\obj\x86\Debug\AirportLib.dll'!='C:\github\AirportDemo\bin\AirportLib.dll;C:\github\AirportDemo\AirportLib\obj\x86\Debug\AirportLib.dll').
Done building target "IncrementalClean" in project "AirportLib.cblproj".
Target "PostBuildEvent" skipped, due to false condition; ('$(PostBuildEvent)' != '' and ('$(RunPostBuildEvent)' != 'OnOutputUpdated' or '$(_AssemblyTimestampBeforeCompile)' != '$(_AssemblyTimestampAfterCompile)')) was evaluated as ('' != '' and ('' != 'OnOutputUpdated' or '' != '')).
Target "CoreBuild" in file "C:\Program Files (x86)\Microsoft Visual Studio\2017\Professional\MSBuild\15.0\bin\Microsoft.Common.CurrentVersion.targets" from project "C:\github\AirportDemo\AirportLib\AirportLib.cblproj" (target "Build" depends on it):
Done building target "CoreBuild" in project "AirportLib.cblproj".
Target "AfterBuild" in file "C:\Program Files (x86)\Microsoft Visual Studio\2017\Professional\MSBuild\15.0\bin\Microsoft.Common.CurrentVersion.targets" from project "C:\github\AirportDemo\AirportLib\AirportLib.cblproj" (target "Build" depends on it):
Done building target "AfterBuild" in project "AirportLib.cblproj".
Target "_CheckForInvalidConfigurationAndPlatform" skipped. Previously built successfully.
Target "_CheckForInvalidConfigurationAndPlatform" skipped. Previously built successfully.
Target "Build" in file "C:\Program Files (x86)\Microsoft Visual Studio\2017\Professional\MSBuild\15.0\bin\Microsoft.Common.CurrentVersion.targets" from project "C:\github\AirportDemo\AirportLib\AirportLib.cblproj" (entry point):
Done building target "Build" in project "AirportLib.cblproj".
Done Building Project "C:\github\AirportDemo\AirportLib\AirportLib.cblproj" (default targets).


Build succeeded.

"C:\github\AirportDemo\AirportLib\AirportLib.cblproj" (default target) (1) ->
(RunMFCodeAnalysis target) -> 
  C:\github\AirportDemo\AirportLib\aircode.cbl(107,12,107,46): warning MFCA0001: Within Entire Program: Dead Statements: display "this code is never called" [C:\github\AirportDemo\AirportLib\AirportLib.cblproj]
  C:\github\AirportDemo\AirportLib\aircode.cbl(108,12,108,47): warning MFCA0001: Within Entire Program: Dead Statements: display "here for analysis purposes" [C:\github\AirportDemo\AirportLib\AirportLib.cblproj]

    2 Warning(s)
    0 Error(s)

Time Elapsed 00:00:03.69
